<?xml version="1.0" encoding="UTF-8"?>
<testng-results ignored="1" total="2" passed="1" failed="0" skipped="0">
  <reporter-output>
  </reporter-output>
  <suite started-at="2025-04-19T11:48:38 GMT+03:00" name="Default suite" finished-at="2025-04-19T11:48:43 GMT+03:00" duration-ms="4492">
    <groups>
    </groups>
    <test started-at="2025-04-19T11:48:38 GMT+03:00" name="Default test" finished-at="2025-04-19T11:48:43 GMT+03:00" duration-ms="4492">
      <class name="AppTest.AppTest">
        <test-method is-config="true" signature="mySetup()[pri:0, instance:AppTest.AppTest@6ad59d92]" started-at="2025-04-19T11:48:38 GMT+03:00" name="mySetup" finished-at="2025-04-19T11:48:42 GMT+03:00" duration-ms="3666" status="PASS">
          <reporter-output>
          </reporter-output>
        </test-method> <!-- mySetup -->
        <test-method signature="FillingtheInputFields()[pri:0, instance:AppTest.AppTest@6ad59d92]" started-at="2025-04-19T11:48:42 GMT+03:00" name="FillingtheInputFields" finished-at="2025-04-19T11:48:43 GMT+03:00" duration-ms="787" status="PASS">
          <reporter-output>
          </reporter-output>
        </test-method> <!-- FillingtheInputFields -->
      </class> <!-- AppTest.AppTest -->
    </test> <!-- Default test -->
  </suite> <!-- Default suite -->
</testng-results>
